#
# A fatal error has been detected by the Java Runtime Environment:
#
#  EXCEPTION_ACCESS_VIOLATION (0xc0000005) at pc=0x0000000061057f80, pid=4624, tid=1088
#
# JRE version: Java(TM) SE Runtime Environment (8.0_31-b13) (build 1.8.0_31-b13)
# Java VM: Java HotSpot(TM) 64-Bit Server VM (25.31-b07 mixed mode windows-amd64 compressed oops)
# Problematic frame:
# V  [jvm.dll+0x4e7f80]
#
# Failed to write core dump. Minidumps are not enabled by default on client versions of Windows
#
# If you would like to submit a bug report, please visit:
#   http://bugreport.java.com/bugreport/crash.jsp
#

---------------  T H R E A D  ---------------

Current thread (0x0000000016ec6000):  JavaThread "C2 CompilerThread1" daemon [_thread_in_native, id=1088, stack(0x00000000175a0000,0x00000000176a0000)]

siginfo: ExceptionCode=0xc0000005, writing address 0x000000027755d744

Registers:
RAX=0x000000000000000c, RBX=0x0000000016ef6850, RCX=0x0000000098148000, RDX=0x000000001832d0e0
RSP=0x000000001769bef0, RBP=0x000000001769bf60, RSI=0x0000000018623fb8, RDI=0x000000001703e400
R8 =0x0000000000000009, R9 =0x0000000000008000, R10=0x0000000016ef6850, R11=0x00000000611b8458
R12=0x00000000170dc1d0, R13=0x000000001703d720, R14=0x00000000170412b8, R15=0x000000001769d4f0
RIP=0x0000000061057f80, EFLAGS=0x0000000000010283

Top of Stack: (sp=0x000000001769bef0)
0x000000001769bef0:   0000000016ef6850 000000001769bf60
0x000000001769bf00:   0000000018623fb8 000000001703e400
0x000000001769bf10:   0000000016ec0770 0000000000000080
0x000000001769bf20:   000000001832d120 0000000000000007
0x000000001769bf30:   00000000611b6e58 0000000016ec0770
0x000000001769bf40:   0000000000000010 000000001832d0e0
0x000000001769bf50:   0000000000000003 00000000610570ca
0x000000001769bf60:   0000000000000028 00000000170b4c00
0x000000001769bf70:   00000000170b0390 000000001769eb90
0x000000001769bf80:   000000001769c0c0 0000000061058b59
0x000000001769bf90:   00000000170412c0 00000000170b8378
0x000000001769bfa0:   00000000000083b0 000000001769d4f0
0x000000001769bfb0:   0000000016ec0770 0000000060fc30eb
0x000000001769bfc0:   0000000016ec0700 000000001769eb00
0x000000001769bfd0:   000000001769c0c0 000000001769eb90
0x000000001769bfe0:   000000000000b400 0000000000000005 

Instructions: (pc=0x0000000061057f80)
0x0000000061057f60:   d3 e8 ea 7a fe ff 48 8b 45 c0 48 89 34 d8 48 83
0x0000000061057f70:   c7 08 49 3b fc 0f 82 75 ff ff ff 41 0f b6 45 2c
0x0000000061057f80:   24 07 3c 07 0f 85 a5 00 00 00 49 8b 5d 10 41 8b
0x0000000061057f90:   45 20 4c 8d 24 c3 49 3b dc 0f 83 90 00 00 00 90 


Register to memory mapping:

RAX=0x000000000000000c is an unknown value
RBX=0x0000000016ef6850 is an unknown value
RCX=0x0000000098148000 is an unknown value
RDX=0x000000001832d0e0 is an unknown value
RSP=0x000000001769bef0 is pointing into the stack for thread: 0x0000000016ec6000
RBP=0x000000001769bf60 is pointing into the stack for thread: 0x0000000016ec6000
RSI=0x0000000018623fb8 is an unknown value
RDI=0x000000001703e400 is an unknown value
R8 =0x0000000000000009 is an unknown value
R9 =0x0000000000008000 is an unknown value
R10=0x0000000016ef6850 is an unknown value
R11=0x00000000611b8458 is an unknown value
R12=0x00000000170dc1d0 is an unknown value
R13=0x000000001703d720 is an unknown value
R14=0x00000000170412b8 is an unknown value
R15=0x000000001769d4f0 is pointing into the stack for thread: 0x0000000016ec6000


Stack: [0x00000000175a0000,0x00000000176a0000],  sp=0x000000001769bef0,  free space=1007k
Native frames: (J=compiled Java code, j=interpreted, Vv=VM code, C=native code)
V  [jvm.dll+0x4e7f80]
V  [jvm.dll+0x4e8b59]
V  [jvm.dll+0x4530eb]
V  [jvm.dll+0x454124]
V  [jvm.dll+0x437c62]
V  [jvm.dll+0x988e2]
V  [jvm.dll+0x990d3]
V  [jvm.dll+0x22c194]
V  [jvm.dll+0x28576a]
C  [msvcr100.dll+0x21d9f]
C  [msvcr100.dll+0x21e3b]
C  [KERNEL32.DLL+0xa4d4]
C  [ntdll.dll+0x4f721]


Current CompileTask:
C2:   2704 1137       4       java.util.TreeMap$ValueIterator::next (8 bytes)


---------------  P R O C E S S  ---------------

Java Threads: ( => current thread )
  0x000000001707e000 JavaThread "pool-1-thread-1" [_thread_in_Java, id=5440, stack(0x0000000019770000,0x0000000019870000)]
  0x0000000016f31800 JavaThread "Service Thread" daemon [_thread_blocked, id=13420, stack(0x00000000178a0000,0x00000000179a0000)]
  0x0000000016ecf800 JavaThread "C1 CompilerThread3" daemon [_thread_in_native, id=4336, stack(0x00000000177a0000,0x00000000178a0000)]
  0x0000000016ec9800 JavaThread "C2 CompilerThread2" daemon [_thread_blocked, id=3540, stack(0x00000000176a0000,0x00000000177a0000)]
=>0x0000000016ec6000 JavaThread "C2 CompilerThread1" daemon [_thread_in_native, id=1088, stack(0x00000000175a0000,0x00000000176a0000)]
  0x0000000016ed5800 JavaThread "C2 CompilerThread0" daemon [_thread_blocked, id=8108, stack(0x00000000174a0000,0x00000000175a0000)]
  0x0000000016ed3800 JavaThread "Attach Listener" daemon [_thread_blocked, id=2332, stack(0x00000000173a0000,0x00000000174a0000)]
  0x0000000016ed2000 JavaThread "Signal Dispatcher" daemon [_thread_blocked, id=14588, stack(0x00000000172a0000,0x00000000173a0000)]
  0x00000000023a4000 JavaThread "Finalizer" daemon [_thread_blocked, id=10952, stack(0x0000000016da0000,0x0000000016ea0000)]
  0x00000000023a3000 JavaThread "Reference Handler" daemon [_thread_blocked, id=3960, stack(0x0000000016ca0000,0x0000000016da0000)]
  0x00000000022b2800 JavaThread "main" [_thread_blocked, id=11380, stack(0x00000000021b0000,0x00000000022b0000)]

Other Threads:
  0x0000000014ec8800 VMThread [stack: 0x0000000016ba0000,0x0000000016ca0000] [id=10060]
  0x0000000016f36800 WatcherThread [stack: 0x00000000179a0000,0x0000000017aa0000] [id=5944]

VM state:not at safepoint (normal execution)

VM Mutex/Monitor currently owned by a thread: None

Heap:
 PSYoungGen      total 76288K, used 27784K [0x00000000eab00000, 0x00000000f0000000, 0x0000000100000000)
  eden space 65536K, 42% used [0x00000000eab00000,0x00000000ec622008,0x00000000eeb00000)
  from space 10752K, 0% used [0x00000000ef580000,0x00000000ef580000,0x00000000f0000000)
  to   space 10752K, 0% used [0x00000000eeb00000,0x00000000eeb00000,0x00000000ef580000)
 ParOldGen       total 175104K, used 0K [0x00000000c0000000, 0x00000000cab00000, 0x00000000eab00000)
  object space 175104K, 0% used [0x00000000c0000000,0x00000000c0000000,0x00000000cab00000)
 Metaspace       used 5986K, capacity 6960K, committed 7040K, reserved 1056768K
  class space    used 600K, capacity 616K, committed 640K, reserved 1048576K

Card table byte_map: [0x0000000011770000,0x0000000011980000] byte_map_base: 0x0000000011170000

Marking Bits: (ParMarkBitMap*) 0x000000006134d4f0
 Begin Bits: [0x00000000122e0000, 0x00000000132e0000)
 End Bits:   [0x00000000132e0000, 0x00000000142e0000)

Polling page: 0x0000000000490000

CodeCache: size=245760Kb used=4245Kb max_used=4245Kb free=241514Kb
 bounds [0x00000000023b0000, 0x00000000027e0000, 0x00000000113b0000]
 total_blobs=1423 nmethods=1159 adapters=178
 compilation: enabled

Compilation events (10 events):
Event: 2.688 Thread 0x0000000016ecf800 nmethod 1134 0x00000000027c2790 code [0x00000000027c28e0, 0x00000000027c2a30]
Event: 2.688 Thread 0x0000000016ed5800 1135       4       java.util.TreeMap$PrivateEntryIterator::nextEntry (54 bytes)
Event: 2.688 Thread 0x0000000016ec9800 1136       4       java.util.TreeMap::successor (66 bytes)
Event: 2.689 Thread 0x0000000016ec9800 nmethod 1136 0x00000000027c3590 code [0x00000000027c36c0, 0x00000000027c3778]
Event: 2.689 Thread 0x0000000016ec6000 1137       4       java.util.TreeMap$ValueIterator::next (8 bytes)
Event: 2.689 Thread 0x0000000016ecf800 1138       1       com.android.dx.dex.file.StringIdItem::itemType (4 bytes)
Event: 2.689 Thread 0x0000000016ecf800 nmethod 1138 0x00000000027c24d0 code [0x00000000027c2620, 0x00000000027c2730]
Event: 2.689 Thread 0x0000000016ed5800 nmethod 1135 0x00000000027c20d0 code [0x00000000027c2220, 0x00000000027c2358]
Event: 2.689 Thread 0x0000000016ecf800 1139       3       com.android.dx.dex.file.FieldIdItem::itemType (4 bytes)
Event: 2.690 Thread 0x0000000016ecf800 nmethod 1139 0x00000000027c1d90 code [0x00000000027c1ee0, 0x00000000027c2030]

GC Heap History (0 events):
No events

Deoptimization events (9 events):
Event: 1.596 Thread 0x0000000017154000 Uncommon trap: reason=class_check action=maybe_recompile pc=0x00000000025ddd28 method=com.android.dx.rop.cst.Constant.compareTo(Ljava/lang/Object;)I @ 2
Event: 1.596 Thread 0x0000000017154000 Uncommon trap: reason=class_check action=maybe_recompile pc=0x00000000025ddd28 method=com.android.dx.rop.cst.Constant.compareTo(Ljava/lang/Object;)I @ 2
Event: 1.598 Thread 0x0000000017154000 Uncommon trap: reason=unreached action=reinterpret pc=0x00000000025f7b50 method=java.util.HashMap.getNode(ILjava/lang/Object;)Ljava/util/HashMap$Node; @ 143
Event: 1.625 Thread 0x0000000017154000 Uncommon trap: reason=class_check action=maybe_recompile pc=0x00000000025ddd28 method=com.android.dx.rop.cst.Constant.compareTo(Ljava/lang/Object;)I @ 2
Event: 1.625 Thread 0x0000000017154000 Uncommon trap: reason=class_check action=maybe_recompile pc=0x00000000025ddd28 method=com.android.dx.rop.cst.Constant.compareTo(Ljava/lang/Object;)I @ 2
Event: 1.667 Thread 0x0000000017154000 Uncommon trap: reason=speculate_class_check action=maybe_recompile pc=0x0000000002650750 method=com.android.dx.rop.cst.Constant.compareTo(Lcom/android/dx/rop/cst/Constant;)I @ 29
Event: 1.667 Thread 0x0000000017154000 Uncommon trap: reason=speculate_class_check action=maybe_recompile pc=0x0000000002650750 method=com.android.dx.rop.cst.Constant.compareTo(Lcom/android/dx/rop/cst/Constant;)I @ 29
Event: 1.667 Thread 0x0000000017154000 Uncommon trap: reason=speculate_class_check action=maybe_recompile pc=0x0000000002650750 method=com.android.dx.rop.cst.Constant.compareTo(Lcom/android/dx/rop/cst/Constant;)I @ 29
Event: 1.667 Thread 0x0000000017154000 Uncommon trap: reason=speculate_class_check action=maybe_recompile pc=0x0000000002650750 method=com.android.dx.rop.cst.Constant.compareTo(Lcom/android/dx/rop/cst/Constant;)I @ 29

Internal exceptions (10 events):
Event: 2.617 Thread 0x000000001707e000 Exception <a 'java/security/PrivilegedActionException'> (0x00000000ec53f208) thrown at [C:\workspace\8-2-build-windows-amd64-cygwin\jdk8u31\2394\hotspot\src\share\vm\prims\jvm.cpp, line 1312]
Event: 2.617 Thread 0x000000001707e000 Exception <a 'java/security/PrivilegedActionException'> (0x00000000ec543f40) thrown at [C:\workspace\8-2-build-windows-amd64-cygwin\jdk8u31\2394\hotspot\src\share\vm\prims\jvm.cpp, line 1312]
Event: 2.618 Thread 0x000000001707e000 Exception <a 'java/security/PrivilegedActionException'> (0x00000000ec5484b8) thrown at [C:\workspace\8-2-build-windows-amd64-cygwin\jdk8u31\2394\hotspot\src\share\vm\prims\jvm.cpp, line 1312]
Event: 2.665 Thread 0x000000001707e000 Exception <a 'java/security/PrivilegedActionException'> (0x00000000ec572c90) thrown at [C:\workspace\8-2-build-windows-amd64-cygwin\jdk8u31\2394\hotspot\src\share\vm\prims\jvm.cpp, line 1312]
Event: 2.666 Thread 0x000000001707e000 Exception <a 'java/security/PrivilegedActionException'> (0x00000000ec57e430) thrown at [C:\workspace\8-2-build-windows-amd64-cygwin\jdk8u31\2394\hotspot\src\share\vm\prims\jvm.cpp, line 1312]
Event: 2.672 Thread 0x000000001707e000 Exception <a 'java/security/PrivilegedActionException'> (0x00000000ec5874b0) thrown at [C:\workspace\8-2-build-windows-amd64-cygwin\jdk8u31\2394\hotspot\src\share\vm\prims\jvm.cpp, line 1312]
Event: 2.672 Thread 0x000000001707e000 Exception <a 'java/security/PrivilegedActionException'> (0x00000000ec589fb8) thrown at [C:\workspace\8-2-build-windows-amd64-cygwin\jdk8u31\2394\hotspot\src\share\vm\prims\jvm.cpp, line 1312]
Event: 2.677 Thread 0x000000001707e000 Exception <a 'java/security/PrivilegedActionException'> (0x00000000ec5962e0) thrown at [C:\workspace\8-2-build-windows-amd64-cygwin\jdk8u31\2394\hotspot\src\share\vm\prims\jvm.cpp, line 1312]
Event: 2.686 Thread 0x000000001707e000 Exception <a 'java/security/PrivilegedActionException'> (0x00000000ec5a77f0) thrown at [C:\workspace\8-2-build-windows-amd64-cygwin\jdk8u31\2394\hotspot\src\share\vm\prims\jvm.cpp, line 1312]
Event: 2.687 Thread 0x000000001707e000 Exception <a 'java/security/PrivilegedActionException'> (0x00000000ec5acc70) thrown at [C:\workspace\8-2-build-windows-amd64-cygwin\jdk8u31\2394\hotspot\src\share\vm\prims\jvm.cpp, line 1312]

Events (10 events):
Event: 2.672 loading class com/android/dx/dex/file/DebugInfoEncoder$1
Event: 2.672 loading class com/android/dx/dex/file/DebugInfoEncoder$1 done
Event: 2.672 loading class com/android/dx/dex/file/DebugInfoEncoder$2
Event: 2.672 loading class com/android/dx/dex/file/DebugInfoEncoder$2 done
Event: 2.677 loading class com/android/dex/EncodedValueCodec
Event: 2.677 loading class com/android/dex/EncodedValueCodec done
Event: 2.686 loading class com/android/dx/dex/file/MapItem
Event: 2.686 loading class com/android/dx/dex/file/MapItem done
Event: 2.687 loading class com/android/dx/dex/file/UniformListItem
Event: 2.687 loading class com/android/dx/dex/file/UniformListItem done


Dynamic libraries:
0x00007ff6e9040000 - 0x00007ff6e9074000 	C:\Program Files\Java\jdk1.8.0_31\bin\java.exe
0x00007ffd72970000 - 0x00007ffd72b3b000 	C:\WINDOWS\SYSTEM32\ntdll.dll
0x00007ffd700e0000 - 0x00007ffd7018d000 	C:\WINDOWS\system32\KERNEL32.DLL
0x00007ffd6f380000 - 0x00007ffd6f58e000 	C:\WINDOWS\system32\KERNELBASE.dll
0x00007ffd701d0000 - 0x00007ffd70272000 	C:\WINDOWS\system32\ADVAPI32.dll
0x00007ffd71dd0000 - 0x00007ffd71e6e000 	C:\WINDOWS\system32\msvcrt.dll
0x00007ffd704c0000 - 0x00007ffd70519000 	C:\WINDOWS\system32\sechost.dll
0x00007ffd70520000 - 0x00007ffd70647000 	C:\WINDOWS\system32\RPCRT4.dll
0x00007ffd72650000 - 0x00007ffd727b6000 	C:\WINDOWS\system32\USER32.dll
0x0000000063f60000 - 0x0000000063f7e000 	C:\WINDOWS\system32\win32u.dll
0x00007ffd70190000 - 0x00007ffd701c1000 	C:\WINDOWS\system32\GDI32.dll
0x00007ffd6fce0000 - 0x00007ffd6fe64000 	C:\WINDOWS\system32\gdi32full.dll
0x00007ffd69730000 - 0x00007ffd69999000 	C:\WINDOWS\WinSxS\amd64_microsoft.windows.common-controls_6595b64144ccf1df_6.0.14316.1000_none_8096ff2fcc18513c\COMCTL32.dll
0x00007ffd71b20000 - 0x00007ffd71dbc000 	C:\WINDOWS\system32\combase.dll
0x00007ffd6fe70000 - 0x00007ffd6ff64000 	C:\WINDOWS\system32\ucrtbase.dll
0x00007ffd6f1b0000 - 0x00007ffd6f21a000 	C:\WINDOWS\system32\bcryptPrimitives.dll
0x00007ffd700b0000 - 0x00007ffd700de000 	C:\WINDOWS\system32\IMM32.DLL
0x00000000608f0000 - 0x00000000609c2000 	C:\Program Files\Java\jdk1.8.0_31\jre\bin\msvcr100.dll
0x0000000060b70000 - 0x00000000613ca000 	C:\Program Files\Java\jdk1.8.0_31\jre\bin\server\jvm.dll
0x00007ffd71dc0000 - 0x00007ffd71dc7000 	C:\WINDOWS\system32\PSAPI.DLL
0x00007ffd5f6e0000 - 0x00007ffd5f6e9000 	C:\WINDOWS\SYSTEM32\WSOCK32.dll
0x00007ffd6d410000 - 0x00007ffd6d433000 	C:\WINDOWS\SYSTEM32\WINMM.dll
0x00007ffd724b0000 - 0x00007ffd7251b000 	C:\WINDOWS\system32\WS2_32.dll
0x00000000009d0000 - 0x00000000009fc000 	C:\WINDOWS\SYSTEM32\WINMMBASE.dll
0x00007ffd6f280000 - 0x00007ffd6f2c3000 	C:\WINDOWS\system32\cfgmgr32.dll
0x0000000062370000 - 0x000000006237f000 	C:\Program Files\Java\jdk1.8.0_31\jre\bin\verify.dll
0x00000000622e0000 - 0x0000000062308000 	C:\Program Files\Java\jdk1.8.0_31\jre\bin\java.dll
0x0000000062350000 - 0x0000000062366000 	C:\Program Files\Java\jdk1.8.0_31\jre\bin\zip.dll
0x00007ffd70660000 - 0x00007ffd71b1a000 	C:\WINDOWS\system32\SHELL32.dll
0x00007ffd6f590000 - 0x00007ffd6fc28000 	C:\WINDOWS\system32\windows.storage.dll
0x00007ffd6ef90000 - 0x00007ffd6efdb000 	C:\WINDOWS\system32\powrprof.dll
0x00007ffd725f0000 - 0x00007ffd72642000 	C:\WINDOWS\system32\shlwapi.dll
0x00007ffd6ef60000 - 0x00007ffd6ef6f000 	C:\WINDOWS\system32\kernel.appcore.dll
0x00007ffd6fc30000 - 0x00007ffd6fcdc000 	C:\WINDOWS\system32\shcore.dll
0x00007ffd6ef70000 - 0x00007ffd6ef84000 	C:\WINDOWS\system32\profapi.dll
0x00007ffd61d10000 - 0x00007ffd61e9a000 	C:\WINDOWS\SYSTEM32\dbghelp.dll

VM Arguments:
jvm_args: -Djava.awt.headless=true -Xmx1024M -Dfile.encoding=windows-1252 -Duser.country=US -Duser.language=en -Duser.variant 
java_command: com.android.dx.command.Main --dex --force-jumbo --num-threads=4 --multi-dex --output X:\Users\Netto\Documents\GitHub\ISOC\app\build\intermediates\transforms\dex\debug\folders\1000\5\slice_2 X:\Users\Netto\Documents\GitHub\ISOC\app\build\intermediates\transforms\instantRunSlicer\debug\folders\1\5\slice_2
java_class_path (initial): X:\androidsdk\sdk\build-tools\23.0.3\lib\dx.jar
Launcher Type: SUN_STANDARD

Environment Variables:
JAVA_HOME=C:\Program Files\Java\jdk1.8.0_31
CLASSPATH=;.;C:\Program Files\Java\jdk1.7.0_45\lib;C:\Program Files (x86)\Java\jre7\lib\ext\QTJava.zip
USERNAME=Netto
OS=Windows_NT
PROCESSOR_IDENTIFIER=Intel64 Family 6 Model 58 Stepping 9, GenuineIntel



---------------  S Y S T E M  ---------------

OS: Windows 8.1 , 64 bit Build 9600 

CPU:total 8 (4 cores per cpu, 2 threads per core) family 6 model 58 stepping 9, cmov, cx8, fxsr, mmx, sse, sse2, sse3, ssse3, sse4.1, sse4.2, popcnt, avx, aes, clmul, erms, ht, tsc, tscinvbit, tscinv

Memory: 4k page, physical 16716304k(6167932k free), swap 19206672k(3725380k free)

vm_info: Java HotSpot(TM) 64-Bit Server VM (25.31-b07) for windows-amd64 JRE (1.8.0_31-b13), built on Dec 17 2014 21:00:28 by "java_re" with MS VC++ 10.0 (VS2010)

time: Thu Jun 16 03:11:21 2016
elapsed time: 2 seconds (0d 0h 0m 2s)

