#
# A fatal error has been detected by the Java Runtime Environment:
#
#  EXCEPTION_ACCESS_VIOLATION (0xc0000005) at pc=0x000000006111ca5a, pid=6516, tid=15156
#
# JRE version: Java(TM) SE Runtime Environment (8.0_31-b13) (build 1.8.0_31-b13)
# Java VM: Java HotSpot(TM) 64-Bit Server VM (25.31-b07 mixed mode windows-amd64 compressed oops)
# Problematic frame:
# V  [jvm.dll+0x5aca5a]
#
# Failed to write core dump. Minidumps are not enabled by default on client versions of Windows
#
# If you would like to submit a bug report, please visit:
#   http://bugreport.java.com/bugreport/crash.jsp
#

---------------  T H R E A D  ---------------

Current thread (0x0000000016eee000):  JavaThread "C2 CompilerThread0" daemon [_thread_in_native, id=15156, stack(0x00000000174b0000,0x00000000175b0000)]

siginfo: ExceptionCode=0xc0000005, writing address 0x0000000000000027

Registers:
RAX=0x0000000000000027, RBX=0x0000000000000029, RCX=0x0000000017b33530, RDX=0x0000000000000029
RSP=0x00000000175ac400, RBP=0x0000000000000000, RSI=0x000000001af0f308, RDI=0x0000000060b70000
R8 =0x000000001af0f308, R9 =0x000000001af0f268, R10=0x0000000000000000, R11=0x00000000611a5f18
R12=0x0000000000000000, R13=0x0000000017b33430, R14=0x00000000175ac8f0, R15=0x0000000017b33530
RIP=0x000000006111ca5a, EFLAGS=0x0000000000010297

Top of Stack: (sp=0x00000000175ac400)
0x00000000175ac400:   0000000100000001 0000000000000008
0x00000000175ac410:   0000000019590c98 000000006111ccb0
0x00000000175ac420:   000000001af0f268 000000006102bcf6
0x00000000175ac430:   00000000175ac8f0 0000000017b33de0
0x00000000175ac440:   0000000017b34f40 000000006102eb94
0x00000000175ac450:   0000000017b33430 00000000175ac8f0
0x00000000175ac460:   0000000c0000000c 0000000000000060
0x00000000175ac470:   0000000017b33540 0000000000000000
0x00000000175ac480:   00000000187fcee0 000000001af0f308
0x00000000175ac490:   00000000175ad270 0000000017b33530
0x00000000175ac4a0:   0000000000000001 000000006102fd0a
0x00000000175ac4b0:   00000000175ac8f0 000000001af0f308
0x00000000175ac4c0:   0000000017b33530 000000001af0f268
0x00000000175ac4d0:   0000000000000001 000000006103fc58
0x00000000175ac4e0:   00000000175ac8f0 0000000019c28330
0x00000000175ac4f0:   000000001af0f308 0000000000000000 

Instructions: (pc=0x000000006111ca5a)
0x000000006111ca3a:   00 00 0f 87 02 16 00 00 48 98 44 8b 8c 87 84 e0
0x000000006111ca4a:   5a 00 4c 03 cf 41 ff e1 33 c0 81 89 84 08 00 00
0x000000006111ca5a:   00 00 40 08 c7 81 3c 05 00 00 3b 00 00 00 89 81
0x000000006111ca6a:   0c 01 00 00 89 81 f8 00 00 00 c7 81 28 05 00 00 


Register to memory mapping:

RAX=0x0000000000000027 is an unknown value
RBX=0x0000000000000029 is an unknown value
RCX=0x0000000017b33530 is an unknown value
RDX=0x0000000000000029 is an unknown value
RSP=0x00000000175ac400 is pointing into the stack for thread: 0x0000000016eee000
RBP=0x0000000000000000 is an unknown value
RSI=0x000000001af0f308 is an unknown value
RDI=0x0000000060b70000 is an unknown value
R8 =0x000000001af0f308 is an unknown value
R9 =0x000000001af0f268 is an unknown value
R10=0x0000000000000000 is an unknown value
R11=0x00000000611a5f18 is an unknown value
R12=0x0000000000000000 is an unknown value
R13=0x0000000017b33430 is an unknown value
R14=0x00000000175ac8f0 is pointing into the stack for thread: 0x0000000016eee000
R15=0x0000000017b33530 is an unknown value


Stack: [0x00000000174b0000,0x00000000175b0000],  sp=0x00000000175ac400,  free space=1009k
Native frames: (J=compiled Java code, j=interpreted, Vv=VM code, C=native code)


Current CompileTask:
C2:   3781 2858       4       com.android.dx.util.ByteArrayAnnotatedOutput::writeByte (51 bytes)


---------------  P R O C E S S  ---------------

Java Threads: ( => current thread )
  0x000000001721a000 JavaThread "pool-1-thread-1" [_thread_in_Java, id=5480, stack(0x0000000019780000,0x0000000019880000)]
  0x0000000016f6c000 JavaThread "Service Thread" daemon [_thread_blocked, id=14440, stack(0x00000000178b0000,0x00000000179b0000)]
  0x0000000016f37000 JavaThread "C1 CompilerThread3" daemon [_thread_blocked, id=1656, stack(0x00000000177b0000,0x00000000178b0000)]
  0x0000000016ee7800 JavaThread "C2 CompilerThread2" daemon [_thread_blocked, id=15228, stack(0x00000000176b0000,0x00000000177b0000)]
  0x0000000016ede000 JavaThread "C2 CompilerThread1" daemon [_thread_in_native, id=752, stack(0x00000000175b0000,0x00000000176b0000)]
=>0x0000000016eee000 JavaThread "C2 CompilerThread0" daemon [_thread_in_native, id=15156, stack(0x00000000174b0000,0x00000000175b0000)]
  0x0000000016eeb800 JavaThread "Attach Listener" daemon [_thread_blocked, id=2708, stack(0x00000000173b0000,0x00000000174b0000)]
  0x0000000016eea000 JavaThread "Signal Dispatcher" daemon [_thread_blocked, id=15216, stack(0x00000000172b0000,0x00000000173b0000)]
  0x00000000023b9800 JavaThread "Finalizer" daemon [_thread_blocked, id=4496, stack(0x0000000016db0000,0x0000000016eb0000)]
  0x0000000014edc800 JavaThread "Reference Handler" daemon [_thread_blocked, id=7716, stack(0x0000000016cb0000,0x0000000016db0000)]
  0x00000000022c2800 JavaThread "main" [_thread_blocked, id=7656, stack(0x0000000002180000,0x0000000002280000)]

Other Threads:
  0x0000000014ed8000 VMThread [stack: 0x0000000016bb0000,0x0000000016cb0000] [id=9124]
  0x0000000016f7d000 WatcherThread [stack: 0x00000000179b0000,0x0000000017ab0000] [id=12000]

VM state:not at safepoint (normal execution)

VM Mutex/Monitor currently owned by a thread: None

Heap:
 PSYoungGen      total 272896K, used 166668K [0x00000000eab00000, 0x00000000fc000000, 0x0000000100000000)
  eden space 262144K, 59% used [0x00000000eab00000,0x00000000f434a5d8,0x00000000fab00000)
  from space 10752K, 99% used [0x00000000fb580000,0x00000000fbff8ca0,0x00000000fc000000)
  to   space 10752K, 0% used [0x00000000fab00000,0x00000000fab00000,0x00000000fb580000)
 ParOldGen       total 175104K, used 45960K [0x00000000c0000000, 0x00000000cab00000, 0x00000000eab00000)
  object space 175104K, 26% used [0x00000000c0000000,0x00000000c2ce2258,0x00000000cab00000)
 Metaspace       used 6872K, capacity 7608K, committed 7936K, reserved 1056768K
  class space    used 634K, capacity 688K, committed 768K, reserved 1048576K

Card table byte_map: [0x0000000011780000,0x0000000011990000] byte_map_base: 0x0000000011180000

Marking Bits: (ParMarkBitMap*) 0x000000006134d4f0
 Begin Bits: [0x00000000122f0000, 0x00000000132f0000)
 End Bits:   [0x00000000132f0000, 0x00000000142f0000)

Polling page: 0x00000000009a0000

CodeCache: size=245760Kb used=10882Kb max_used=10882Kb free=234877Kb
 bounds [0x00000000023c0000, 0x0000000002e70000, 0x00000000113c0000]
 total_blobs=3073 nmethods=2807 adapters=179
 compilation: enabled

Compilation events (10 events):
Event: 3.767 Thread 0x0000000016f37000 2861       3       java.util.ArrayList::sort (48 bytes)
Event: 3.767 Thread 0x0000000016f37000 nmethod 2861 0x0000000002e47010 code [0x0000000002e47180, 0x0000000002e473d8]
Event: 3.767 Thread 0x0000000016f37000 2862       3       java.util.Arrays::sort (47 bytes)
Event: 3.768 Thread 0x0000000016f37000 nmethod 2862 0x0000000002e4d050 code [0x0000000002e4d200, 0x0000000002e4d658]
Event: 3.768 Thread 0x0000000016f37000 2860       3       com.android.dx.dex.file.DebugInfoEncoder::convert0 (246 bytes)
Event: 3.769 Thread 0x0000000016f37000 nmethod 2860 0x0000000002e4e850 code [0x0000000002e4ec00, 0x0000000002e509f8]
Event: 3.769 Thread 0x0000000016f37000 2863   !   3       com.android.dx.dex.file.DebugInfoItem::place0 (60 bytes)
Event: 3.770 Thread 0x0000000016f37000 nmethod 2863 0x0000000002e51d10 code [0x0000000002e51f20, 0x0000000002e529a8]
Event: 3.770 Thread 0x0000000016f37000 2869       3       com.android.dx.dex.file.DebugInfoEncoder::buildSortedPositions (68 bytes)
Event: 3.770 Thread 0x0000000016ede000 2871       4       com.android.dx.dex.code.LocalList::get (9 bytes)

GC Heap History (8 events):
Event: 0.686 GC heap before
{Heap before GC invocations=1 (full 0):
 PSYoungGen      total 76288K, used 65536K [0x00000000eab00000, 0x00000000f0000000, 0x0000000100000000)
  eden space 65536K, 100% used [0x00000000eab00000,0x00000000eeb00000,0x00000000eeb00000)
  from space 10752K, 0% used [0x00000000ef580000,0x00000000ef580000,0x00000000f0000000)
  to   space 10752K, 0% used [0x00000000eeb00000,0x00000000eeb00000,0x00000000ef580000)
 ParOldGen       total 175104K, used 0K [0x00000000c0000000, 0x00000000cab00000, 0x00000000eab00000)
  object space 175104K, 0% used [0x00000000c0000000,0x00000000c0000000,0x00000000cab00000)
 Metaspace       used 6018K, capacity 6960K, committed 7040K, reserved 1056768K
  class space    used 593K, capacity 616K, committed 640K, reserved 1048576K
Event: 0.706 GC heap after
Heap after GC invocations=1 (full 0):
 PSYoungGen      total 76288K, used 9951K [0x00000000eab00000, 0x00000000f4000000, 0x0000000100000000)
  eden space 65536K, 0% used [0x00000000eab00000,0x00000000eab00000,0x00000000eeb00000)
  from space 10752K, 92% used [0x00000000eeb00000,0x00000000ef4b7c50,0x00000000ef580000)
  to   space 10752K, 0% used [0x00000000f3580000,0x00000000f3580000,0x00000000f4000000)
 ParOldGen       total 175104K, used 16K [0x00000000c0000000, 0x00000000cab00000, 0x00000000eab00000)
  object space 175104K, 0% used [0x00000000c0000000,0x00000000c0004000,0x00000000cab00000)
 Metaspace       used 6018K, capacity 6960K, committed 7040K, reserved 1056768K
  class space    used 593K, capacity 616K, committed 640K, reserved 1048576K
}
Event: 1.060 GC heap before
{Heap before GC invocations=2 (full 0):
 PSYoungGen      total 76288K, used 75487K [0x00000000eab00000, 0x00000000f4000000, 0x0000000100000000)
  eden space 65536K, 100% used [0x00000000eab00000,0x00000000eeb00000,0x00000000eeb00000)
  from space 10752K, 92% used [0x00000000eeb00000,0x00000000ef4b7c50,0x00000000ef580000)
  to   space 10752K, 0% used [0x00000000f3580000,0x00000000f3580000,0x00000000f4000000)
 ParOldGen       total 175104K, used 16K [0x00000000c0000000, 0x00000000cab00000, 0x00000000eab00000)
  object space 175104K, 0% used [0x00000000c0000000,0x00000000c0004000,0x00000000cab00000)
 Metaspace       used 6192K, capacity 7088K, committed 7296K, reserved 1056768K
  class space    used 594K, capacity 616K, committed 640K, reserved 1048576K
Event: 1.123 GC heap after
Heap after GC invocations=2 (full 0):
 PSYoungGen      total 141824K, used 10751K [0x00000000eab00000, 0x00000000f4000000, 0x0000000100000000)
  eden space 131072K, 0% used [0x00000000eab00000,0x00000000eab00000,0x00000000f2b00000)
  from space 10752K, 99% used [0x00000000f3580000,0x00000000f3fffe98,0x00000000f4000000)
  to   space 10752K, 0% used [0x00000000f2b00000,0x00000000f2b00000,0x00000000f3580000)
 ParOldGen       total 175104K, used 6729K [0x00000000c0000000, 0x00000000cab00000, 0x00000000eab00000)
  object space 175104K, 3% used [0x00000000c0000000,0x00000000c0692540,0x00000000cab00000)
 Metaspace       used 6192K, capacity 7088K, committed 7296K, reserved 1056768K
  class space    used 594K, capacity 616K, committed 640K, reserved 1048576K
}
Event: 2.419 GC heap before
{Heap before GC invocations=3 (full 0):
 PSYoungGen      total 141824K, used 141823K [0x00000000eab00000, 0x00000000f4000000, 0x0000000100000000)
  eden space 131072K, 100% used [0x00000000eab00000,0x00000000f2b00000,0x00000000f2b00000)
  from space 10752K, 99% used [0x00000000f3580000,0x00000000f3fffe98,0x00000000f4000000)
  to   space 10752K, 0% used [0x00000000f2b00000,0x00000000f2b00000,0x00000000f3580000)
 ParOldGen       total 175104K, used 6729K [0x00000000c0000000, 0x00000000cab00000, 0x00000000eab00000)
  object space 175104K, 3% used [0x00000000c0000000,0x00000000c0692540,0x00000000cab00000)
 Metaspace       used 6348K, capacity 7216K, committed 7296K, reserved 1056768K
  class space    used 594K, capacity 616K, committed 640K, reserved 1048576K
Event: 2.449 GC heap after
Heap after GC invocations=3 (full 0):
 PSYoungGen      total 141824K, used 10725K [0x00000000eab00000, 0x00000000fc000000, 0x0000000100000000)
  eden space 131072K, 0% used [0x00000000eab00000,0x00000000eab00000,0x00000000f2b00000)
  from space 10752K, 99% used [0x00000000f2b00000,0x00000000f3579448,0x00000000f3580000)
  to   space 10752K, 0% used [0x00000000fb580000,0x00000000fb580000,0x00000000fc000000)
 ParOldGen       total 175104K, used 26074K [0x00000000c0000000, 0x00000000cab00000, 0x00000000eab00000)
  object space 175104K, 14% used [0x00000000c0000000,0x00000000c1976a10,0x00000000cab00000)
 Metaspace       used 6348K, capacity 7216K, committed 7296K, reserved 1056768K
  class space    used 594K, capacity 616K, committed 640K, reserved 1048576K
}
Event: 2.700 GC heap before
{Heap before GC invocations=4 (full 0):
 PSYoungGen      total 141824K, used 141797K [0x00000000eab00000, 0x00000000fc000000, 0x0000000100000000)
  eden space 131072K, 100% used [0x00000000eab00000,0x00000000f2b00000,0x00000000f2b00000)
  from space 10752K, 99% used [0x00000000f2b00000,0x00000000f3579448,0x00000000f3580000)
  to   space 10752K, 0% used [0x00000000fb580000,0x00000000fb580000,0x00000000fc000000)
 ParOldGen       total 175104K, used 26074K [0x00000000c0000000, 0x00000000cab00000, 0x00000000eab00000)
  object space 175104K, 14% used [0x00000000c0000000,0x00000000c1976a10,0x00000000cab00000)
 Metaspace       used 6465K, capacity 7256K, committed 7424K, reserved 1056768K
  class space    used 614K, capacity 656K, committed 768K, reserved 1048576K
Event: 2.734 GC heap after
Heap after GC invocations=4 (full 0):
 PSYoungGen      total 272896K, used 10723K [0x00000000eab00000, 0x00000000fc000000, 0x0000000100000000)
  eden space 262144K, 0% used [0x00000000eab00000,0x00000000eab00000,0x00000000fab00000)
  from space 10752K, 99% used [0x00000000fb580000,0x00000000fbff8ca0,0x00000000fc000000)
  to   space 10752K, 0% used [0x00000000fab00000,0x00000000fab00000,0x00000000fb580000)
 ParOldGen       total 175104K, used 45960K [0x00000000c0000000, 0x00000000cab00000, 0x00000000eab00000)
  object space 175104K, 26% used [0x00000000c0000000,0x00000000c2ce2258,0x00000000cab00000)
 Metaspace       used 6465K, capacity 7256K, committed 7424K, reserved 1056768K
  class space    used 614K, capacity 656K, committed 768K, reserved 1048576K
}

Deoptimization events (10 events):
Event: 3.309 Thread 0x000000001721a000 Uncommon trap: reason=class_check action=maybe_recompile pc=0x00000000026d0ec0 method=java.util.Arrays.equals([Ljava/lang/Object;[Ljava/lang/Object;)Z @ 62
Event: 3.309 Thread 0x000000001721a000 Uncommon trap: reason=speculate_class_check action=maybe_recompile pc=0x00000000026f7a7c method=com.android.dx.util.FixedSizeList.equals(Ljava/lang/Object;)Z @ 25
Event: 3.310 Thread 0x000000001721a000 Uncommon trap: reason=speculate_class_check action=maybe_recompile pc=0x00000000026f7a7c method=com.android.dx.util.FixedSizeList.equals(Ljava/lang/Object;)Z @ 25
Event: 3.310 Thread 0x000000001721a000 Uncommon trap: reason=class_check action=maybe_recompile pc=0x00000000026d0ec0 method=java.util.Arrays.equals([Ljava/lang/Object;[Ljava/lang/Object;)Z @ 62
Event: 3.310 Thread 0x000000001721a000 Uncommon trap: reason=class_check action=maybe_recompile pc=0x00000000026d0ec0 method=java.util.Arrays.equals([Ljava/lang/Object;[Ljava/lang/Object;)Z @ 62
Event: 3.332 Thread 0x000000001721a000 Uncommon trap: reason=unreached action=reinterpret pc=0x0000000002d521f8 method=com.android.dx.dex.code.OutputFinisher.findOpcodeForInsn(Lcom/android/dx/dex/code/DalvInsn;Lcom/android/dx/dex/code/Dop;)Lcom/android/dx/dex/code/Dop; @ 1
Event: 3.742 Thread 0x000000001721a000 Uncommon trap: reason=bimorphic action=maybe_recompile pc=0x0000000002d212c4 method=com.android.dx.dex.file.MixedItemSection$1.compare(Lcom/android/dx/dex/file/OffsettedItem;Lcom/android/dx/dex/file/OffsettedItem;)I @ 1
Event: 3.742 Thread 0x000000001721a000 Uncommon trap: reason=bimorphic action=maybe_recompile pc=0x0000000002d212c4 method=com.android.dx.dex.file.MixedItemSection$1.compare(Lcom/android/dx/dex/file/OffsettedItem;Lcom/android/dx/dex/file/OffsettedItem;)I @ 1
Event: 3.742 Thread 0x000000001721a000 Uncommon trap: reason=bimorphic action=maybe_recompile pc=0x0000000002d212c4 method=com.android.dx.dex.file.MixedItemSection$1.compare(Lcom/android/dx/dex/file/OffsettedItem;Lcom/android/dx/dex/file/OffsettedItem;)I @ 1
Event: 3.742 Thread 0x000000001721a000 Uncommon trap: reason=bimorphic action=maybe_recompile pc=0x0000000002d212c4 method=com.android.dx.dex.file.MixedItemSection$1.compare(Lcom/android/dx/dex/file/OffsettedItem;Lcom/android/dx/dex/file/OffsettedItem;)I @ 1

Internal exceptions (10 events):
Event: 3.285 Thread 0x000000001721a000 Exception <a 'java/security/PrivilegedActionException'> (0x00000000f33e6248) thrown at [C:\workspace\8-2-build-windows-amd64-cygwin\jdk8u31\2394\hotspot\src\share\vm\prims\jvm.cpp, line 1312]
Event: 3.286 Thread 0x000000001721a000 Exception <a 'java/security/PrivilegedActionException'> (0x00000000f33eaf30) thrown at [C:\workspace\8-2-build-windows-amd64-cygwin\jdk8u31\2394\hotspot\src\share\vm\prims\jvm.cpp, line 1312]
Event: 3.286 Thread 0x000000001721a000 Exception <a 'java/security/PrivilegedActionException'> (0x00000000f33efa88) thrown at [C:\workspace\8-2-build-windows-amd64-cygwin\jdk8u31\2394\hotspot\src\share\vm\prims\jvm.cpp, line 1312]
Event: 3.309 Thread 0x000000001721a000 Exception <a 'java/security/PrivilegedActionException'> (0x00000000f340f9f0) thrown at [C:\workspace\8-2-build-windows-amd64-cygwin\jdk8u31\2394\hotspot\src\share\vm\prims\jvm.cpp, line 1312]
Event: 3.309 Thread 0x000000001721a000 Exception <a 'java/security/PrivilegedActionException'> (0x00000000f3412928) thrown at [C:\workspace\8-2-build-windows-amd64-cygwin\jdk8u31\2394\hotspot\src\share\vm\prims\jvm.cpp, line 1312]
Event: 3.312 Thread 0x000000001721a000 Exception <a 'java/security/PrivilegedActionException'> (0x00000000f3415cf8) thrown at [C:\workspace\8-2-build-windows-amd64-cygwin\jdk8u31\2394\hotspot\src\share\vm\prims\jvm.cpp, line 1312]
Event: 3.332 Thread 0x000000001721a000 Exception <a 'java/security/PrivilegedActionException'> (0x00000000f343e518) thrown at [C:\workspace\8-2-build-windows-amd64-cygwin\jdk8u31\2394\hotspot\src\share\vm\prims\jvm.cpp, line 1312]
Event: 3.745 Thread 0x000000001721a000 Exception <a 'java/security/PrivilegedActionException'> (0x00000000f4146440) thrown at [C:\workspace\8-2-build-windows-amd64-cygwin\jdk8u31\2394\hotspot\src\share\vm\prims\jvm.cpp, line 1312]
Event: 3.746 Thread 0x000000001721a000 Exception <a 'java/security/PrivilegedActionException'> (0x00000000f4152040) thrown at [C:\workspace\8-2-build-windows-amd64-cygwin\jdk8u31\2394\hotspot\src\share\vm\prims\jvm.cpp, line 1312]
Event: 3.747 Thread 0x000000001721a000 Exception <a 'java/security/PrivilegedActionException'> (0x00000000f4154b48) thrown at [C:\workspace\8-2-build-windows-amd64-cygwin\jdk8u31\2394\hotspot\src\share\vm\prims\jvm.cpp, line 1312]

Events (10 events):
Event: 3.742 Thread 0x000000001721a000 DEOPT UNPACKING pc=0x000000000240556a sp=0x000000001987ece8 mode 2
Event: 3.742 Thread 0x000000001721a000 Uncommon trap: trap_request=0xffffffc6 fr.pc=0x0000000002d212c4
Event: 3.742 Thread 0x000000001721a000 DEOPT PACKING pc=0x0000000002d212c4 sp=0x000000001987edd0
Event: 3.742 Thread 0x000000001721a000 DEOPT UNPACKING pc=0x000000000240556a sp=0x000000001987ece8 mode 2
Event: 3.745 loading class com/android/dx/dex/file/DebugInfoEncoder
Event: 3.745 loading class com/android/dx/dex/file/DebugInfoEncoder done
Event: 3.746 loading class com/android/dx/dex/file/DebugInfoEncoder$1
Event: 3.746 loading class com/android/dx/dex/file/DebugInfoEncoder$1 done
Event: 3.747 loading class com/android/dx/dex/file/DebugInfoEncoder$2
Event: 3.747 loading class com/android/dx/dex/file/DebugInfoEncoder$2 done


Dynamic libraries:
0x00007ff6e9040000 - 0x00007ff6e9074000 	C:\Program Files\Java\jdk1.8.0_31\bin\java.exe
0x00007ffd72970000 - 0x00007ffd72b3b000 	C:\WINDOWS\SYSTEM32\ntdll.dll
0x00007ffd700e0000 - 0x00007ffd7018d000 	C:\WINDOWS\system32\KERNEL32.DLL
0x00007ffd6f380000 - 0x00007ffd6f58e000 	C:\WINDOWS\system32\KERNELBASE.dll
0x00007ffd701d0000 - 0x00007ffd70272000 	C:\WINDOWS\system32\ADVAPI32.dll
0x00007ffd71dd0000 - 0x00007ffd71e6e000 	C:\WINDOWS\system32\msvcrt.dll
0x00007ffd704c0000 - 0x00007ffd70519000 	C:\WINDOWS\system32\sechost.dll
0x00007ffd70520000 - 0x00007ffd70647000 	C:\WINDOWS\system32\RPCRT4.dll
0x00007ffd72650000 - 0x00007ffd727b6000 	C:\WINDOWS\system32\USER32.dll
0x0000000063f60000 - 0x0000000063f7e000 	C:\WINDOWS\system32\win32u.dll
0x00007ffd70190000 - 0x00007ffd701c1000 	C:\WINDOWS\system32\GDI32.dll
0x00007ffd6fce0000 - 0x00007ffd6fe64000 	C:\WINDOWS\system32\gdi32full.dll
0x00007ffd69730000 - 0x00007ffd69999000 	C:\WINDOWS\WinSxS\amd64_microsoft.windows.common-controls_6595b64144ccf1df_6.0.14316.1000_none_8096ff2fcc18513c\COMCTL32.dll
0x00007ffd71b20000 - 0x00007ffd71dbc000 	C:\WINDOWS\system32\combase.dll
0x00007ffd6fe70000 - 0x00007ffd6ff64000 	C:\WINDOWS\system32\ucrtbase.dll
0x00007ffd6f1b0000 - 0x00007ffd6f21a000 	C:\WINDOWS\system32\bcryptPrimitives.dll
0x00007ffd700b0000 - 0x00007ffd700de000 	C:\WINDOWS\system32\IMM32.DLL
0x00000000608f0000 - 0x00000000609c2000 	C:\Program Files\Java\jdk1.8.0_31\jre\bin\msvcr100.dll
0x0000000060b70000 - 0x00000000613ca000 	C:\Program Files\Java\jdk1.8.0_31\jre\bin\server\jvm.dll
0x00007ffd71dc0000 - 0x00007ffd71dc7000 	C:\WINDOWS\system32\PSAPI.DLL
0x00007ffd6d410000 - 0x00007ffd6d433000 	C:\WINDOWS\SYSTEM32\WINMM.dll
0x00007ffd5f6e0000 - 0x00007ffd5f6e9000 	C:\WINDOWS\SYSTEM32\WSOCK32.dll
0x00007ffd724b0000 - 0x00007ffd7251b000 	C:\WINDOWS\system32\WS2_32.dll
0x00007ffd6d2b0000 - 0x00007ffd6d2dc000 	C:\WINDOWS\SYSTEM32\WINMMBASE.dll
0x00007ffd6f280000 - 0x00007ffd6f2c3000 	C:\WINDOWS\system32\cfgmgr32.dll
0x0000000062370000 - 0x000000006237f000 	C:\Program Files\Java\jdk1.8.0_31\jre\bin\verify.dll
0x00000000622e0000 - 0x0000000062308000 	C:\Program Files\Java\jdk1.8.0_31\jre\bin\java.dll
0x0000000062350000 - 0x0000000062366000 	C:\Program Files\Java\jdk1.8.0_31\jre\bin\zip.dll
0x00007ffd70660000 - 0x00007ffd71b1a000 	C:\WINDOWS\system32\SHELL32.dll
0x00007ffd6f590000 - 0x00007ffd6fc28000 	C:\WINDOWS\system32\windows.storage.dll
0x00007ffd6ef90000 - 0x00007ffd6efdb000 	C:\WINDOWS\system32\powrprof.dll
0x00007ffd725f0000 - 0x00007ffd72642000 	C:\WINDOWS\system32\shlwapi.dll
0x00007ffd6ef60000 - 0x00007ffd6ef6f000 	C:\WINDOWS\system32\kernel.appcore.dll
0x00007ffd6fc30000 - 0x00007ffd6fcdc000 	C:\WINDOWS\system32\shcore.dll
0x00007ffd6ef70000 - 0x00007ffd6ef84000 	C:\WINDOWS\system32\profapi.dll
0x00007ffd61d10000 - 0x00007ffd61e9a000 	C:\WINDOWS\SYSTEM32\dbghelp.dll

VM Arguments:
jvm_args: -Djava.awt.headless=true -Xmx1024M -Dfile.encoding=windows-1252 -Duser.country=US -Duser.language=en -Duser.variant 
java_command: com.android.dx.command.Main --dex --force-jumbo --num-threads=4 --multi-dex --output X:\Users\Netto\Documents\GitHub\ISOC\app\build\intermediates\transforms\dex\debug\folders\1000\10\com.android.support-support-v4-23.4.0_149518d0db37f948d8762e8dcc964c10cf839781 X:\Users\Netto\Documents\GitHub\ISOC\app\build\intermediates\exploded-aar\com.android.support\support-v4\23.4.0\jars\classes.jar
java_class_path (initial): X:\androidsdk\sdk\build-tools\23.0.3\lib\dx.jar
Launcher Type: SUN_STANDARD

Environment Variables:
JAVA_HOME=C:\Program Files\Java\jdk1.8.0_31
CLASSPATH=;.;C:\Program Files\Java\jdk1.7.0_45\lib;C:\Program Files (x86)\Java\jre7\lib\ext\QTJava.zip
USERNAME=Netto
OS=Windows_NT
PROCESSOR_IDENTIFIER=Intel64 Family 6 Model 58 Stepping 9, GenuineIntel



---------------  S Y S T E M  ---------------

OS: Windows 8.1 , 64 bit Build 9600 

CPU:total 8 (4 cores per cpu, 2 threads per core) family 6 model 58 stepping 9, cmov, cx8, fxsr, mmx, sse, sse2, sse3, ssse3, sse4.1, sse4.2, popcnt, avx, aes, clmul, erms, ht, tsc, tscinvbit, tscinv

Memory: 4k page, physical 16716304k(5907364k free), swap 19206672k(3688068k free)

vm_info: Java HotSpot(TM) 64-Bit Server VM (25.31-b07) for windows-amd64 JRE (1.8.0_31-b13), built on Dec 17 2014 21:00:28 by "java_re" with MS VC++ 10.0 (VS2010)

time: Thu Jun 16 03:01:11 2016
elapsed time: 3 seconds (0d 0h 0m 3s)

